2017-07-10 15:24:37,815 [Worker-0] INFO  o.e.m.c.i.l.LifecycleMappingFactory - Using org.eclipse.m2e.jdt.JarLifecycleMapping lifecycle mapping for MavenProject: com.huwl.oracle.qqmusic:music_dao:0.0.1-SNAPSHOT @ D:\WorkFile\GitRepository\QQMusic\music_dao\pom.xml.
2017-07-10 15:24:38,043 [Worker-0] WARN  o.e.m.c.i.embedder.EclipseLogger - The POM for com.huwl.oracle.qqmusic:music_model:jar:0.0.1-SNAPSHOT is missing, no dependency information available
2017-07-10 15:24:38,101 [Worker-0] WARN  o.e.m.c.i.embedder.EclipseLogger - The POM for org.aspectj:aspectjweaver:jar:1.8.0.M1 is missing, no dependency information available
2017-07-10 15:24:38,327 [Worker-0] INFO  o.e.m.c.i.l.LifecycleMappingFactory - Using org.maven.ide.eclipse.wtp.WarLifecycleMapping lifecycle mapping for MavenProject: com.huwl.oracle.qqmusic:music_view:0.0.1-SNAPSHOT @ D:\WorkFile\GitRepository\QQMusic\music_view\pom.xml.
2017-07-10 15:24:38,329 [Worker-0] WARN  o.e.m.c.i.embedder.EclipseLogger - The POM for com.huwl.oracle.qqmusic:music_filter:jar:0.0.1-SNAPSHOT is missing, no dependency information available
2017-07-10 15:24:38,418 [Worker-0] INFO  o.e.m.c.i.l.LifecycleMappingFactory - Using org.eclipse.m2e.jdt.JarLifecycleMapping lifecycle mapping for MavenProject: com.huwl.oracle.qqmusic:music_action:1.0-SNAPSHOT @ D:\WorkFile\GitRepository\QQMusic\music_action\pom.xml.
2017-07-10 15:24:38,420 [Worker-0] WARN  o.e.m.c.i.embedder.EclipseLogger - The POM for com.huwl.oracle.qqmusic:music_biz:jar:1.0-SNAPSHOT is missing, no dependency information available
2017-07-10 15:24:38,615 [Worker-0] INFO  o.e.m.c.i.l.LifecycleMappingFactory - Using org.eclipse.m2e.jdt.JarLifecycleMapping lifecycle mapping for MavenProject: com.huwl.oracle.qqmusic:music_model:0.0.1-SNAPSHOT @ D:\WorkFile\GitRepository\QQMusic\music_model\pom.xml.
2017-07-10 15:24:38,647 [Worker-0] INFO  o.e.m.c.i.l.LifecycleMappingFactory - Using org.eclipse.m2e.jdt.JarLifecycleMapping lifecycle mapping for MavenProject: com.huwl.oracle.qqmusic:music_dao:0.0.1-SNAPSHOT @ D:\WorkFile\GitRepository\QQMusic\music_dao\pom.xml.
2017-07-10 15:24:39,489 [Worker-0] WARN  o.e.m.c.i.embedder.EclipseLogger - The POM for org.aspectj:aspectjweaver:jar:1.8.0.M1 is missing, no dependency information available
2017-07-10 15:24:39,614 [Worker-0] INFO  o.e.m.c.i.l.LifecycleMappingFactory - Using org.eclipse.m2e.jdt.JarLifecycleMapping lifecycle mapping for MavenProject: com.huwl.oracle.qqmusic:music_catcher:0.0.1-SNAPSHOT @ D:\WorkFile\GitRepository\QQMusic\music_catcher\pom.xml.
2017-07-10 15:24:39,614 [Worker-0] WARN  o.e.m.c.i.embedder.EclipseLogger - The POM for com.huwl.oracle.qqmusic:music_biz:jar:1.0-SNAPSHOT is missing, no dependency information available
2017-07-10 15:24:41,247 [Worker-0] WARN  o.e.m.c.i.embedder.EclipseLogger - The POM for com.huwl.oracle.qqmusic:music_filter:jar:0.0.1-SNAPSHOT is missing, no dependency information available
2017-07-10 15:25:12,447 [Worker-2] INFO  o.e.m.c.i.embedder.EclipseLogger - Using 'UTF-8' encoding to copy filtered resources.
2017-07-10 15:25:12,450 [Worker-2] INFO  o.e.m.c.i.embedder.EclipseLogger - Copying 1 resource
2017-07-10 15:25:12,458 [Worker-2] INFO  o.e.m.c.i.embedder.EclipseLogger - Using 'UTF-8' encoding to copy filtered resources.
2017-07-10 15:25:12,458 [Worker-2] INFO  o.e.m.c.i.embedder.EclipseLogger - skip non existing resourceDirectory D:\WorkFile\GitRepository\QQMusic\music_action\src\test\resources
2017-07-10 15:25:12,704 [Worker-2] INFO  o.e.m.c.i.l.LifecycleMappingFactory - Using org.eclipse.m2e.jdt.JarLifecycleMapping lifecycle mapping for MavenProject: com.huwl.oracle.qqmusic:music_biz:1.0-SNAPSHOT @ D:\WorkFile\GitRepository\QQMusic\music_biz\pom.xml.
2017-07-10 15:25:12,804 [Worker-2] WARN  o.e.m.c.i.embedder.EclipseLogger - The POM for org.aspectj:aspectjweaver:jar:1.8.0.M1 is missing, no dependency information available
2017-07-10 15:25:12,864 [Worker-2] INFO  o.e.m.c.i.l.LifecycleMappingFactory - Using org.eclipse.m2e.jdt.JarLifecycleMapping lifecycle mapping for MavenProject: com.huwl.oracle.qqmusic:music_catcher:0.0.1-SNAPSHOT @ D:\WorkFile\GitRepository\QQMusic\music_catcher\pom.xml.
2017-07-10 15:25:12,918 [Worker-2] INFO  o.e.m.c.i.l.LifecycleMappingFactory - Using org.eclipse.m2e.jdt.JarLifecycleMapping lifecycle mapping for MavenProject: com.huwl.oracle.qqmusic:music_action:1.0-SNAPSHOT @ D:\WorkFile\GitRepository\QQMusic\music_action\pom.xml.
2017-07-10 15:25:13,200 [Worker-2] INFO  o.e.m.c.i.embedder.EclipseLogger - Using 'UTF-8' encoding to copy filtered resources.
2017-07-10 15:25:13,201 [Worker-2] INFO  o.e.m.c.i.embedder.EclipseLogger - Copying 4 resources
2017-07-10 15:25:13,205 [Worker-2] INFO  o.e.m.c.i.embedder.EclipseLogger - Using 'UTF-8' encoding to copy filtered resources.
2017-07-10 15:25:13,206 [Worker-2] INFO  o.e.m.c.i.embedder.EclipseLogger - skip non existing resourceDirectory D:\WorkFile\GitRepository\QQMusic\music_biz\src\test\resources
2017-07-10 15:25:13,267 [Worker-2] INFO  o.e.m.c.i.embedder.EclipseLogger - Using 'UTF-8' encoding to copy filtered resources.
2017-07-10 15:25:13,270 [Worker-2] INFO  o.e.m.c.i.embedder.EclipseLogger - Copying 36 resources
2017-07-10 15:25:13,274 [Worker-2] INFO  o.e.m.c.i.embedder.EclipseLogger - Using 'UTF-8' encoding to copy filtered resources.
2017-07-10 15:25:13,275 [Worker-2] INFO  o.e.m.c.i.embedder.EclipseLogger - skip non existing resourceDirectory D:\WorkFile\GitRepository\QQMusic\music_catcher\src\test\resources
2017-07-10 15:25:13,357 [Worker-2] INFO  o.e.m.c.i.l.LifecycleMappingFactory - Using org.eclipse.m2e.jdt.JarLifecycleMapping lifecycle mapping for MavenProject: com.huwl.oracle.qqmusic:music_filter:0.0.1-SNAPSHOT @ D:\WorkFile\GitRepository\QQMusic\music_filter\pom.xml.
2017-07-10 15:25:13,426 [Worker-2] WARN  o.e.m.c.i.embedder.EclipseLogger - The POM for org.aspectj:aspectjweaver:jar:1.8.0.M1 is missing, no dependency information available
2017-07-10 15:25:13,524 [Worker-2] INFO  o.e.m.c.i.l.LifecycleMappingFactory - Using org.maven.ide.eclipse.wtp.WarLifecycleMapping lifecycle mapping for MavenProject: com.huwl.oracle.qqmusic:music_view:0.0.1-SNAPSHOT @ D:\WorkFile\GitRepository\QQMusic\music_view\pom.xml.
2017-07-10 15:25:13,830 [Worker-2] WARN  o.e.m.c.i.embedder.EclipseLogger - The POM for org.aspectj:aspectjweaver:jar:1.8.0.M1 is missing, no dependency information available
2017-07-10 15:25:14,069 [Worker-2] INFO  o.e.m.c.i.embedder.EclipseLogger - Using 'UTF-8' encoding to copy filtered resources.
2017-07-10 15:25:14,069 [Worker-2] INFO  o.e.m.c.i.embedder.EclipseLogger - skip non existing resourceDirectory D:\WorkFile\GitRepository\QQMusic\music_filter\src\main\resources
2017-07-10 15:25:14,070 [Worker-2] INFO  o.e.m.c.i.embedder.EclipseLogger - Using 'UTF-8' encoding to copy filtered resources.
2017-07-10 15:25:14,070 [Worker-2] INFO  o.e.m.c.i.embedder.EclipseLogger - skip non existing resourceDirectory D:\WorkFile\GitRepository\QQMusic\music_filter\src\test\resources
2017-07-10 15:25:19,181 [Worker-11] INFO  o.e.m.c.i.embedder.EclipseLogger - Using 'UTF-8' encoding to copy filtered resources.
2017-07-10 15:25:19,182 [Worker-11] INFO  o.e.m.c.i.embedder.EclipseLogger - Copying 5 resources
2017-07-10 15:25:19,200 [Worker-11] INFO  o.e.m.c.i.embedder.EclipseLogger - Using 'UTF-8' encoding to copy filtered resources.
2017-07-10 15:25:19,200 [Worker-11] INFO  o.e.m.c.i.embedder.EclipseLogger - skip non existing resourceDirectory D:\WorkFile\GitRepository\QQMusic\music_model\src\test\resources
2017-07-10 15:25:19,669 [Worker-11] INFO  o.e.m.c.i.embedder.EclipseLogger - Using 'UTF-8' encoding to copy filtered resources.
2017-07-10 15:25:19,669 [Worker-11] INFO  o.e.m.c.i.embedder.EclipseLogger - skip non existing resourceDirectory D:\WorkFile\GitRepository\QQMusic\music_dao\src\main\resources
2017-07-10 15:25:19,670 [Worker-11] INFO  o.e.m.c.i.embedder.EclipseLogger - Using 'UTF-8' encoding to copy filtered resources.
2017-07-10 15:25:19,670 [Worker-11] INFO  o.e.m.c.i.embedder.EclipseLogger - skip non existing resourceDirectory D:\WorkFile\GitRepository\QQMusic\music_dao\src\test\resources
2017-07-10 15:25:19,964 [Worker-11] INFO  o.e.m.c.i.embedder.EclipseLogger - Using 'UTF-8' encoding to copy filtered resources.
2017-07-10 15:25:19,968 [Worker-11] INFO  o.e.m.c.i.embedder.EclipseLogger - Copying 4 resources
2017-07-10 15:25:19,972 [Worker-11] INFO  o.e.m.c.i.embedder.EclipseLogger - Using 'UTF-8' encoding to copy filtered resources.
2017-07-10 15:25:19,972 [Worker-11] INFO  o.e.m.c.i.embedder.EclipseLogger - skip non existing resourceDirectory D:\WorkFile\GitRepository\QQMusic\music_biz\src\test\resources
2017-07-10 15:25:20,591 [Worker-0] INFO  o.e.m.c.i.embedder.EclipseLogger - Using 'UTF-8' encoding to copy filtered resources.
2017-07-10 15:25:20,595 [Worker-0] INFO  o.e.m.c.i.embedder.EclipseLogger - Copying 36 resources
2017-07-10 15:25:20,897 [Worker-0] INFO  o.e.m.c.i.embedder.EclipseLogger - Using 'UTF-8' encoding to copy filtered resources.
2017-07-10 15:25:20,897 [Worker-0] INFO  o.e.m.c.i.embedder.EclipseLogger - skip non existing resourceDirectory D:\WorkFile\GitRepository\QQMusic\music_catcher\src\test\resources
2017-07-10 15:25:21,215 [Worker-0] INFO  o.e.m.c.i.embedder.EclipseLogger - Using 'UTF-8' encoding to copy filtered resources.
2017-07-10 15:25:21,215 [Worker-0] INFO  o.e.m.c.i.embedder.EclipseLogger - Copying 1 resource
2017-07-10 15:25:21,217 [Worker-0] INFO  o.e.m.c.i.embedder.EclipseLogger - Using 'UTF-8' encoding to copy filtered resources.
2017-07-10 15:25:21,217 [Worker-0] INFO  o.e.m.c.i.embedder.EclipseLogger - skip non existing resourceDirectory D:\WorkFile\GitRepository\QQMusic\music_action\src\test\resources
2017-07-10 15:25:21,292 [Worker-0] INFO  o.e.m.c.i.embedder.EclipseLogger - Using 'UTF-8' encoding to copy filtered resources.
2017-07-10 15:25:21,292 [Worker-0] INFO  o.e.m.c.i.embedder.EclipseLogger - skip non existing resourceDirectory D:\WorkFile\GitRepository\QQMusic\music_filter\src\main\resources
2017-07-10 15:25:21,293 [Worker-0] INFO  o.e.m.c.i.embedder.EclipseLogger - Using 'UTF-8' encoding to copy filtered resources.
2017-07-10 15:25:21,293 [Worker-0] INFO  o.e.m.c.i.embedder.EclipseLogger - skip non existing resourceDirectory D:\WorkFile\GitRepository\QQMusic\music_filter\src\test\resources
2017-07-10 15:25:22,252 [Worker-8] INFO  o.e.m.c.i.embedder.EclipseLogger - Using 'UTF-8' encoding to copy filtered resources.
2017-07-10 15:25:22,252 [Worker-8] INFO  o.e.m.c.i.embedder.EclipseLogger - Copying 2 resources
2017-07-10 15:25:22,256 [Worker-8] INFO  o.e.m.c.i.embedder.EclipseLogger - Using 'UTF-8' encoding to copy filtered resources.
2017-07-10 15:25:22,256 [Worker-8] INFO  o.e.m.c.i.embedder.EclipseLogger - skip non existing resourceDirectory D:\WorkFile\GitRepository\QQMusic\music_view\src\test\resources
2017-07-10 17:43:24,462 [Worker-2] WARN  o.e.m.c.i.embedder.EclipseLogger - The POM for org.aspectj:aspectjweaver:jar:1.8.0.M1 is missing, no dependency information available
2017-07-10 17:43:24,794 [Worker-2] INFO  o.e.m.c.i.embedder.EclipseLogger - Using 'UTF-8' encoding to copy filtered resources.
2017-07-10 17:43:24,797 [Worker-2] INFO  o.e.m.c.i.embedder.EclipseLogger - Copying 4 resources
2017-07-10 17:43:24,807 [Worker-2] INFO  o.e.m.c.i.embedder.EclipseLogger - Using 'UTF-8' encoding to copy filtered resources.
2017-07-10 17:43:24,808 [Worker-2] INFO  o.e.m.c.i.embedder.EclipseLogger - skip non existing resourceDirectory D:\WorkFile\GitRepository\QQMusic\music_biz\src\test\resources
2017-07-10 17:44:04,486 [Worker-6] WARN  o.e.m.c.i.embedder.EclipseLogger - The POM for org.aspectj:aspectjweaver:jar:1.8.0.M1 is missing, no dependency information available
2017-07-10 17:44:04,619 [Worker-6] INFO  o.e.m.c.i.embedder.EclipseLogger - Using 'UTF-8' encoding to copy filtered resources.
2017-07-10 17:44:04,620 [Worker-6] INFO  o.e.m.c.i.embedder.EclipseLogger - Copying 2 resources
2017-07-10 17:44:04,621 [Worker-6] INFO  o.e.m.c.i.embedder.EclipseLogger - Using 'UTF-8' encoding to copy filtered resources.
2017-07-10 17:44:04,622 [Worker-6] INFO  o.e.m.c.i.embedder.EclipseLogger - skip non existing resourceDirectory D:\WorkFile\GitRepository\QQMusic\music_view\src\test\resources
2017-07-10 19:18:22,074 [Worker-1] WARN  o.e.m.c.i.embedder.EclipseLogger - The POM for org.aspectj:aspectjweaver:jar:1.8.0.M1 is missing, no dependency information available
2017-07-10 19:18:22,596 [Worker-1] INFO  o.e.m.c.i.embedder.EclipseLogger - Using 'UTF-8' encoding to copy filtered resources.
2017-07-10 19:18:22,598 [Worker-1] INFO  o.e.m.c.i.embedder.EclipseLogger - Copying 1 resource
2017-07-10 19:18:22,603 [Worker-1] INFO  o.e.m.c.i.embedder.EclipseLogger - Using 'UTF-8' encoding to copy filtered resources.
2017-07-10 19:18:22,603 [Worker-1] INFO  o.e.m.c.i.embedder.EclipseLogger - skip non existing resourceDirectory D:\WorkFile\GitRepository\QQMusic\music_action\src\test\resources
2017-10-09 14:10:52,737 [Worker-2] INFO  c.n.h.c.p.n.NettyAsyncHttpProvider - Number of application's worked threads is 16
2017-10-09 14:10:54,544 [New I/O client worker #1-1] INFO  o.e.m.c.i.e.AbstractTransferListenerAdapter - Downloading http://repo.maven.apache.org/maven2/org/ehcache/ehcache/3.1.4/ehcache-3.1.4.pom
2017-10-09 14:10:54,544 [New I/O client worker #1-1] INFO  o.e.m.c.i.e.AbstractTransferListenerAdapter - Downloaded http://repo.maven.apache.org/maven2/org/ehcache/ehcache/3.1.4/ehcache-3.1.4.pom
2017-10-09 14:10:54,966 [Worker-2] INFO  c.n.h.c.p.n.NettyAsyncHttpProvider - Number of application's worked threads is 16
2017-10-09 14:10:55,670 [New I/O client worker #2-1] INFO  o.e.m.c.i.e.AbstractTransferListenerAdapter - Downloading http://repo.maven.apache.org/maven2/org/slf4j/slf4j-api/1.7.7/slf4j-api-1.7.7.pom
2017-10-09 14:10:55,670 [New I/O client worker #2-1] INFO  o.e.m.c.i.e.AbstractTransferListenerAdapter - Downloaded http://repo.maven.apache.org/maven2/org/slf4j/slf4j-api/1.7.7/slf4j-api-1.7.7.pom
2017-10-09 14:10:56,935 [Worker-2] INFO  c.n.h.c.p.n.NettyAsyncHttpProvider - Number of application's worked threads is 16
2017-10-09 14:10:58,639 [New I/O client worker #3-1] INFO  o.e.m.c.i.e.AbstractTransferListenerAdapter - Downloading http://repo.maven.apache.org/maven2/org/slf4j/slf4j-parent/1.7.7/slf4j-parent-1.7.7.pom
2017-10-09 14:10:58,670 [New I/O client worker #3-1] INFO  o.e.m.c.i.e.AbstractTransferListenerAdapter - Downloaded http://repo.maven.apache.org/maven2/org/slf4j/slf4j-parent/1.7.7/slf4j-parent-1.7.7.pom
2017-10-09 14:10:58,889 [Worker-2] INFO  c.n.h.c.p.n.NettyAsyncHttpProvider - Number of application's worked threads is 16
2017-10-09 14:10:59,889 [New I/O client worker #4-2] INFO  o.e.m.c.i.e.AbstractTransferListenerAdapter - Downloading http://repo.maven.apache.org/maven2/org/slf4j/slf4j-api/1.7.7/slf4j-api-1.7.7.jar
2017-10-09 14:11:00,639 [New I/O client worker #4-1] INFO  o.e.m.c.i.e.AbstractTransferListenerAdapter - Downloading http://repo.maven.apache.org/maven2/org/ehcache/ehcache/3.1.4/ehcache-3.1.4.jar
2017-10-09 14:11:00,920 [New I/O client worker #4-2] INFO  o.e.m.c.i.e.AbstractTransferListenerAdapter - Downloaded http://repo.maven.apache.org/maven2/org/slf4j/slf4j-api/1.7.7/slf4j-api-1.7.7.jar
2017-10-09 14:13:24,589 [New I/O client worker #4-1] INFO  o.e.m.c.i.e.AbstractTransferListenerAdapter - Downloaded http://repo.maven.apache.org/maven2/org/ehcache/ehcache/3.1.4/ehcache-3.1.4.jar
2017-10-09 14:13:25,261 [Worker-2] INFO  c.n.h.c.p.n.NettyAsyncHttpProvider - Number of application's worked threads is 16
2017-10-09 14:13:27,449 [New I/O client worker #5-1] INFO  o.e.m.c.i.e.AbstractTransferListenerAdapter - Downloading http://repo.maven.apache.org/maven2/org/apache/maven/plugins/maven-resources-plugin/2.5/maven-resources-plugin-2.5.pom
2017-10-09 14:13:27,449 [New I/O client worker #5-1] INFO  o.e.m.c.i.e.AbstractTransferListenerAdapter - Downloaded http://repo.maven.apache.org/maven2/org/apache/maven/plugins/maven-resources-plugin/2.5/maven-resources-plugin-2.5.pom
2017-10-09 14:13:27,949 [Worker-2] INFO  c.n.h.c.p.n.NettyAsyncHttpProvider - Number of application's worked threads is 16
2017-10-09 14:13:29,699 [New I/O client worker #6-1] INFO  o.e.m.c.i.e.AbstractTransferListenerAdapter - Downloading http://repo.maven.apache.org/maven2/org/apache/maven/plugins/maven-plugins/19/maven-plugins-19.pom
2017-10-09 14:13:32,019 [New I/O client worker #6-1] INFO  o.e.m.c.i.e.AbstractTransferListenerAdapter - Downloaded http://repo.maven.apache.org/maven2/org/apache/maven/plugins/maven-plugins/19/maven-plugins-19.pom
2017-10-09 14:13:32,400 [Worker-2] INFO  c.n.h.c.p.n.NettyAsyncHttpProvider - Number of application's worked threads is 16
2017-10-09 14:13:32,790 [New I/O client worker #7-1] INFO  o.e.m.c.i.e.AbstractTransferListenerAdapter - Downloading http://repo.maven.apache.org/maven2/org/apache/maven/maven-parent/19/maven-parent-19.pom
2017-10-09 14:13:33,367 [New I/O client worker #7-1] INFO  o.e.m.c.i.e.AbstractTransferListenerAdapter - Downloaded http://repo.maven.apache.org/maven2/org/apache/maven/maven-parent/19/maven-parent-19.pom
2017-10-09 14:13:33,601 [Worker-2] INFO  c.n.h.c.p.n.NettyAsyncHttpProvider - Number of application's worked threads is 16
2017-10-09 14:13:33,976 [New I/O client worker #8-1] INFO  o.e.m.c.i.e.AbstractTransferListenerAdapter - Downloading http://repo.maven.apache.org/maven2/org/apache/apache/9/apache-9.pom
2017-10-09 14:13:34,242 [New I/O client worker #8-1] INFO  o.e.m.c.i.e.AbstractTransferListenerAdapter - Downloaded http://repo.maven.apache.org/maven2/org/apache/apache/9/apache-9.pom
2017-10-09 14:13:34,429 [Worker-2] INFO  c.n.h.c.p.n.NettyAsyncHttpProvider - Number of application's worked threads is 16
2017-10-09 14:13:35,101 [New I/O client worker #9-1] INFO  o.e.m.c.i.e.AbstractTransferListenerAdapter - Downloading http://repo.maven.apache.org/maven2/org/apache/maven/plugins/maven-resources-plugin/2.5/maven-resources-plugin-2.5.jar
2017-10-09 14:13:35,914 [New I/O client worker #9-1] INFO  o.e.m.c.i.e.AbstractTransferListenerAdapter - Downloaded http://repo.maven.apache.org/maven2/org/apache/maven/plugins/maven-resources-plugin/2.5/maven-resources-plugin-2.5.jar
2017-10-09 14:13:36,883 [Worker-2] INFO  c.n.h.c.p.n.NettyAsyncHttpProvider - Number of application's worked threads is 16
2017-10-09 14:13:37,711 [New I/O client worker #10-1] INFO  o.e.m.c.i.e.AbstractTransferListenerAdapter - Downloading http://repo.maven.apache.org/maven2/org/apache/maven/plugins/maven-compiler-plugin/3.5.1/maven-compiler-plugin-3.5.1.pom
2017-10-09 14:13:40,039 [New I/O client worker #10-1] INFO  o.e.m.c.i.e.AbstractTransferListenerAdapter - Downloaded http://repo.maven.apache.org/maven2/org/apache/maven/plugins/maven-compiler-plugin/3.5.1/maven-compiler-plugin-3.5.1.pom
2017-10-09 14:13:41,618 [Worker-2] INFO  c.n.h.c.p.n.NettyAsyncHttpProvider - Number of application's worked threads is 16
2017-10-09 14:13:42,227 [New I/O client worker #11-1] INFO  o.e.m.c.i.e.AbstractTransferListenerAdapter - Downloading http://repo.maven.apache.org/maven2/org/apache/maven/plugins/maven-plugins/28/maven-plugins-28.pom
2017-10-09 14:13:43,337 [New I/O client worker #11-1] INFO  o.e.m.c.i.e.AbstractTransferListenerAdapter - Downloaded http://repo.maven.apache.org/maven2/org/apache/maven/plugins/maven-plugins/28/maven-plugins-28.pom
2017-10-09 14:13:43,633 [Worker-2] INFO  c.n.h.c.p.n.NettyAsyncHttpProvider - Number of application's worked threads is 16
2017-10-09 14:13:44,978 [New I/O client worker #12-1] INFO  o.e.m.c.i.e.AbstractTransferListenerAdapter - Downloading http://repo.maven.apache.org/maven2/org/apache/maven/maven-parent/27/maven-parent-27.pom
2017-10-09 14:13:48,650 [New I/O client worker #12-1] INFO  o.e.m.c.i.e.AbstractTransferListenerAdapter - Downloaded http://repo.maven.apache.org/maven2/org/apache/maven/maven-parent/27/maven-parent-27.pom
2017-10-09 14:13:50,040 [Worker-2] INFO  c.n.h.c.p.n.NettyAsyncHttpProvider - Number of application's worked threads is 16
2017-10-09 14:13:50,806 [New I/O client worker #13-1] INFO  o.e.m.c.i.e.AbstractTransferListenerAdapter - Downloading http://repo.maven.apache.org/maven2/org/apache/apache/17/apache-17.pom
2017-10-09 14:13:53,478 [New I/O client worker #13-1] INFO  o.e.m.c.i.e.AbstractTransferListenerAdapter - Downloaded http://repo.maven.apache.org/maven2/org/apache/apache/17/apache-17.pom
2017-10-09 14:13:54,150 [Worker-2] WARN  o.e.m.c.i.embedder.EclipseLogger - The POM for org.apache.maven.plugins:maven-compiler-plugin:jar:3.5.1 is invalid, transitive dependencies (if any) will not be available, enable debug logging for more details
2017-10-09 14:13:54,150 [Worker-2] INFO  c.n.h.c.p.n.NettyAsyncHttpProvider - Number of application's worked threads is 16
2017-10-09 14:13:55,213 [Worker-4] WARN  o.e.m.c.i.embedder.EclipseLogger - The POM for org.aspectj:aspectjweaver:jar:1.8.0.M1 is missing, no dependency information available
2017-10-09 14:13:56,010 [Worker-4] INFO  o.e.m.c.i.embedder.EclipseLogger - Using 'UTF-8' encoding to copy filtered resources.
2017-10-09 14:13:56,010 [Worker-4] INFO  o.e.m.c.i.embedder.EclipseLogger - skip non existing resourceDirectory D:\WorkFile\GitRepository\QQMusic\music_dao\src\main\resources
2017-10-09 14:13:56,025 [Worker-4] INFO  o.e.m.c.i.embedder.EclipseLogger - Using 'UTF-8' encoding to copy filtered resources.
2017-10-09 14:13:56,025 [Worker-4] INFO  o.e.m.c.i.embedder.EclipseLogger - skip non existing resourceDirectory D:\WorkFile\GitRepository\QQMusic\music_dao\src\test\resources
2017-10-09 14:13:56,432 [Worker-8] WARN  o.e.m.c.i.embedder.EclipseLogger - The POM for org.aspectj:aspectjweaver:jar:1.8.0.M1 is missing, no dependency information available
2017-10-09 14:13:56,588 [Worker-8] INFO  o.e.m.c.i.embedder.EclipseLogger - Using 'UTF-8' encoding to copy filtered resources.
2017-10-09 14:13:56,588 [Worker-8] INFO  o.e.m.c.i.embedder.EclipseLogger - Copying 4 resources
2017-10-09 14:13:56,619 [Worker-8] INFO  o.e.m.c.i.embedder.EclipseLogger - Using 'UTF-8' encoding to copy filtered resources.
2017-10-09 14:13:56,619 [Worker-8] INFO  o.e.m.c.i.embedder.EclipseLogger - skip non existing resourceDirectory D:\WorkFile\GitRepository\QQMusic\music_biz\src\test\resources
2017-10-09 14:13:57,151 [Worker-8] WARN  o.e.m.c.i.embedder.EclipseLogger - The POM for org.aspectj:aspectjweaver:jar:1.8.0.M1 is missing, no dependency information available
2017-10-09 14:13:57,291 [Worker-8] INFO  o.e.m.c.i.embedder.EclipseLogger - Using 'UTF-8' encoding to copy filtered resources.
2017-10-09 14:13:57,307 [Worker-8] INFO  o.e.m.c.i.embedder.EclipseLogger - Copying 36 resources
2017-10-09 14:13:57,307 [Worker-8] INFO  o.e.m.c.i.embedder.EclipseLogger - Using 'UTF-8' encoding to copy filtered resources.
2017-10-09 14:13:57,307 [Worker-8] INFO  o.e.m.c.i.embedder.EclipseLogger - skip non existing resourceDirectory D:\WorkFile\GitRepository\QQMusic\music_catcher\src\test\resources
2017-10-09 14:13:57,526 [Worker-8] WARN  o.e.m.c.i.embedder.EclipseLogger - The POM for org.aspectj:aspectjweaver:jar:1.8.0.M1 is missing, no dependency information available
2017-10-09 14:13:57,760 [Worker-8] INFO  o.e.m.c.i.embedder.EclipseLogger - Using 'UTF-8' encoding to copy filtered resources.
2017-10-09 14:13:57,760 [Worker-8] INFO  o.e.m.c.i.embedder.EclipseLogger - Copying 1 resource
2017-10-09 14:13:57,760 [Worker-8] INFO  o.e.m.c.i.embedder.EclipseLogger - Using 'UTF-8' encoding to copy filtered resources.
2017-10-09 14:13:57,760 [Worker-8] INFO  o.e.m.c.i.embedder.EclipseLogger - skip non existing resourceDirectory D:\WorkFile\GitRepository\QQMusic\music_action\src\test\resources
2017-10-09 14:13:57,994 [Worker-10] WARN  o.e.m.c.i.embedder.EclipseLogger - The POM for org.aspectj:aspectjweaver:jar:1.8.0.M1 is missing, no dependency information available
2017-10-09 14:13:58,057 [Worker-10] INFO  o.e.m.c.i.embedder.EclipseLogger - Using 'UTF-8' encoding to copy filtered resources.
2017-10-09 14:13:58,057 [Worker-10] INFO  o.e.m.c.i.embedder.EclipseLogger - skip non existing resourceDirectory D:\WorkFile\GitRepository\QQMusic\music_filter\src\main\resources
2017-10-09 14:13:58,057 [Worker-10] INFO  o.e.m.c.i.embedder.EclipseLogger - Using 'UTF-8' encoding to copy filtered resources.
2017-10-09 14:13:58,057 [Worker-10] INFO  o.e.m.c.i.embedder.EclipseLogger - skip non existing resourceDirectory D:\WorkFile\GitRepository\QQMusic\music_filter\src\test\resources
2017-10-09 14:13:59,041 [Worker-0] WARN  o.e.m.c.i.embedder.EclipseLogger - The POM for org.aspectj:aspectjweaver:jar:1.8.0.M1 is missing, no dependency information available
2017-10-09 14:13:59,229 [Worker-0] INFO  o.e.m.c.i.embedder.EclipseLogger - Using 'UTF-8' encoding to copy filtered resources.
2017-10-09 14:13:59,229 [Worker-0] INFO  o.e.m.c.i.embedder.EclipseLogger - Copying 2 resources
2017-10-09 14:13:59,229 [Worker-0] INFO  o.e.m.c.i.embedder.EclipseLogger - Using 'UTF-8' encoding to copy filtered resources.
2017-10-09 14:13:59,229 [Worker-0] INFO  o.e.m.c.i.embedder.EclipseLogger - skip non existing resourceDirectory D:\WorkFile\GitRepository\QQMusic\music_view\src\test\resources
